Device: mps
  sub1: N=1:10.08%  N=2:11.83%  N=3:14.67%  N=4:13.17%  N=5:15.00%
  sub10: N=1:3.33%  N=2:2.33%  N=3:1.17%  N=4:0.92%  N=5:0.00%
  sub11: N=1:3.25%  N=2:3.00%  N=3:2.00%  N=4:1.50%  N=5:2.50%
  sub12: N=1:3.58%  N=2:1.92%  N=3:1.42%  N=4:0.67%  N=5:0.00%
  sub13: N=1:5.25%  N=2:6.83%  N=3:7.17%  N=4:7.67%  N=5:7.50%
  sub14: N=1:4.25%  N=2:5.33%  N=3:3.00%  N=4:1.25%  N=5:0.00%
  sub15: N=1:3.42%  N=2:3.25%  N=3:2.08%  N=4:3.58%  N=5:0.00%
  sub16: N=1:3.08%  N=2:3.08%  N=3:2.58%  N=4:1.83%  N=5:0.00%
  sub17: N=1:3.00%  N=2:6.42%  N=3:5.83%  N=4:6.17%  N=5:7.50%
  sub18: N=1:5.00%  N=2:6.08%  N=3:7.08%  N=4:7.67%  N=5:10.00%
  sub19: N=1:2.42%  N=2:2.75%  N=3:3.17%  N=4:3.00%  N=5:0.00%
  sub1_session2: N=1:11.92%  N=2:14.33%  N=3:17.92%  N=4:21.50%  N=5:20.00%
  sub2: N=1:5.92%  N=2:8.00%  N=3:6.92%  N=4:7.08%  N=5:7.50%
  sub20: N=1:4.58%  N=2:3.00%  N=3:5.33%  N=4:7.17%  N=5:7.50%
  sub3: N=1:2.75%  N=2:3.92%  N=3:2.67%  N=4:2.33%  N=5:2.50%
  sub4: N=1:2.50%  N=2:2.58%  N=3:3.08%  N=4:3.58%  N=5:0.00%
  sub5: N=1:5.75%  N=2:5.92%  N=3:6.00%  N=4:6.17%  N=5:7.50%
  sub6: N=1:2.17%  N=2:4.58%  N=3:3.50%  N=4:4.00%  N=5:2.50%
  sub7: N=1:2.92%  N=2:2.83%  N=3:4.75%  N=4:3.67%  N=5:7.50%
  sub8: N=1:5.50%  N=2:8.83%  N=3:10.33%  N=4:12.75%  N=5:12.50%
  sub9: N=1:2.92%  N=2:2.50%  N=3:4.67%  N=4:3.92%  N=5:5.00%

Clip Averaging Curve:
  N=1: 4.46% ± 0.53%  vs chance t=3.62  **
  N=2: 5.21% ± 0.70%  vs chance t=3.75  **
  N=3: 5.49% ± 0.91%  vs chance t=3.20  **
  N=4: 5.69% ± 1.07%  vs chance t=2.91  **
  N=5: 5.48% ± 1.20%  vs chance t=2.42  *

Linear trend: slope=0.253 pp/clip  r=0.0848  p=0.3899  n.s.

Gain from N=1 to N=5: +1.02 pp  t=1.24  p=0.2280  n.s.

Saved → neuroclip/figures/F42_clip_averaging_curve.png
