Device: mps
  sub1: done
  sub10: done
  sub11: done
  sub12: done
  sub13: done
  sub14: done
  sub15: done
  sub16: done
  sub17: done
  sub18: done
  sub19: done
  sub1_session2: done
  sub2: done
  sub20: done
  sub3: done
  sub4: done
  sub5: done
  sub6: done
  sub7: done
  sub8: done
  sub9: done

21 valid subjects

Consistency → R@1: Spearman ρ=0.2733 p=0.0879 n.s.
                   Pearson  r=0.3765 p=0.0167 *

Activity consistency: 0.0171
Passive  consistency: 0.0116
t=1.54  p=0.1321  n.s.

Per-concept inter-subject consistency:
  computer       : cons=0.0361  R@1=9.5%  [People] ACTION
  beach          : cons=0.0311  R@1=3.4%  [Urban] static
  waterfall      : cons=0.0277  R@1=3.7%  [Nature] static
  crowd          : cons=0.0269  R@1=5.9%  [Urban] static
  skiing         : cons=0.0231  R@1=5.2%  [Sports] ACTION
  jellyfish      : cons=0.0222  R@1=4.5%  [Animals] static
  banana         : cons=0.0215  R@1=2.9%  [Food] static
  panda          : cons=0.0213  R@1=4.1%  [Animals] static
  boxing         : cons=0.0212  R@1=7.5%  [Sports] ACTION
  boat           : cons=0.0205  R@1=3.3%  [Vehicles] static
  running        : cons=0.0205  R@1=6.9%  [Sports] ACTION
  cat            : cons=0.0202  R@1=4.9%  [Animals] static
  mountain       : cons=0.0188  R@1=3.9%  [Nature] static
  rabbit         : cons=0.0186  R@1=3.5%  [Animals] static
  forest         : cons=0.0179  R@1=3.5%  [Nature] static
  guitar         : cons=0.0175  R@1=8.0%  [Music] ACTION
  dancing        : cons=0.0142  R@1=4.8%  [Sports] ACTION
  elephant       : cons=0.0139  R@1=3.5%  [Animals] static
  construction   : cons=0.0132  R@1=7.8%  [People] ACTION
  city           : cons=0.0130  R@1=4.9%  [Urban] static
  road           : cons=0.0109  R@1=3.4%  [Urban] static
  drink          : cons=0.0109  R@1=3.7%  [Food] static
  husky          : cons=0.0105  R@1=6.4%  [Animals] static
  fish           : cons=0.0100  R@1=3.7%  [Animals] static
  mushrooms      : cons=0.0080  R@1=2.3%  [Nature] static
  cheesecake     : cons=0.0077  R@1=3.1%  [Food] static
  drums          : cons=0.0071  R@1=7.2%  [Music] ACTION
  turtle         : cons=0.0062  R@1=2.7%  [Animals] static
  watermelon     : cons=0.0040  R@1=4.5%  [Food] static
  airplane       : cons=0.0040  R@1=4.6%  [Vehicles] static
  flowers        : cons=0.0039  R@1=2.7%  [Nature] static
  motorcycle     : cons=0.0038  R@1=3.8%  [Vehicles] static
  bird           : cons=0.0033  R@1=3.0%  [Animals] static
  pizza          : cons=0.0026  R@1=5.3%  [Food] static
  car            : cons=0.0022  R@1=2.4%  [Vehicles] static
  piano          : cons=0.0013  R@1=4.2%  [Music] ACTION
  fireworks      : cons=0.0012  R@1=4.1%  [Other] static
  whale          : cons=0.0002  R@1=4.1%  [Animals] static
  horses         : cons=-0.0016  R@1=3.0%  [Animals] static
  balloon        : cons=-0.0019  R@1=3.9%  [Vehicles] static

Saved → neuroclip/figures/F32_concept_intersubject_consistency.png
