Device: mps  |  feature: de  |  chunks: 1
Chance: concept R@1=0.0250 R@5=0.1250  |  clip R@1=0.0050 R@5=0.0250 R@10=0.0500

=== Subject: sub1.npy ===
  fold 0:  concept R@1=0.085 R@5=0.280  |  clip R@1=0.100 R@10=0.285
  fold 1:  concept R@1=0.155 R@5=0.345  |  clip R@1=0.140 R@10=0.330
  fold 2:  concept R@1=0.065 R@5=0.275  |  clip R@1=0.090 R@10=0.250
  fold 3:  concept R@1=0.110 R@5=0.280  |  clip R@1=0.100 R@10=0.240
  fold 4:  concept R@1=0.080 R@5=0.265  |  clip R@1=0.095 R@10=0.255
  fold 5:  concept R@1=0.130 R@5=0.325  |  clip R@1=0.140 R@10=0.295
  fold 6:  concept R@1=0.090 R@5=0.225  |  clip R@1=0.065 R@10=0.205
  sub1.npy mean:  concept R@1=0.102  R@5=0.285  |  clip R@1=0.104  R@10=0.266

=== Subject: sub10.npy ===
  fold 0:  concept R@1=0.035 R@5=0.125  |  clip R@1=0.025 R@10=0.100
  fold 1:  concept R@1=0.025 R@5=0.175  |  clip R@1=0.030 R@10=0.150
  fold 2:  concept R@1=0.040 R@5=0.145  |  clip R@1=0.025 R@10=0.115
  fold 3:  concept R@1=0.025 R@5=0.160  |  clip R@1=0.020 R@10=0.135
  fold 4:  concept R@1=0.025 R@5=0.130  |  clip R@1=0.025 R@10=0.100
  fold 5:  concept R@1=0.030 R@5=0.160  |  clip R@1=0.025 R@10=0.120
  fold 6:  concept R@1=0.035 R@5=0.170  |  clip R@1=0.035 R@10=0.160
  sub10.npy mean:  concept R@1=0.031  R@5=0.152  |  clip R@1=0.026  R@10=0.126

=== Subject: sub11.npy ===
  fold 0:  concept R@1=0.030 R@5=0.150  |  clip R@1=0.020 R@10=0.135
  fold 1:  concept R@1=0.030 R@5=0.150  |  clip R@1=0.040 R@10=0.160
  fold 2:  concept R@1=0.040 R@5=0.175  |  clip R@1=0.040 R@10=0.155
  fold 3:  concept R@1=0.045 R@5=0.170  |  clip R@1=0.030 R@10=0.205
  fold 4:  concept R@1=0.050 R@5=0.180  |  clip R@1=0.035 R@10=0.155
  fold 5:  concept R@1=0.065 R@5=0.190  |  clip R@1=0.065 R@10=0.180
  fold 6:  concept R@1=0.030 R@5=0.195  |  clip R@1=0.040 R@10=0.140
  sub11.npy mean:  concept R@1=0.041  R@5=0.173  |  clip R@1=0.039  R@10=0.161

=== Subject: sub12.npy ===
  fold 0:  concept R@1=0.055 R@5=0.165  |  clip R@1=0.045 R@10=0.135
  fold 1:  concept R@1=0.045 R@5=0.185  |  clip R@1=0.040 R@10=0.170
  fold 2:  concept R@1=0.030 R@5=0.135  |  clip R@1=0.040 R@10=0.120
  fold 3:  concept R@1=0.015 R@5=0.115  |  clip R@1=0.015 R@10=0.135
  fold 4:  concept R@1=0.025 R@5=0.115  |  clip R@1=0.025 R@10=0.100
  fold 5:  concept R@1=0.025 R@5=0.130  |  clip R@1=0.020 R@10=0.120
  fold 6:  concept R@1=0.005 R@5=0.115  |  clip R@1=0.020 R@10=0.135
  sub12.npy mean:  concept R@1=0.029  R@5=0.137  |  clip R@1=0.029  R@10=0.131

=== Subject: sub13.npy ===
  fold 0:  concept R@1=0.060 R@5=0.250  |  clip R@1=0.055 R@10=0.250
  fold 1:  concept R@1=0.025 R@5=0.160  |  clip R@1=0.015 R@10=0.185
  fold 2:  concept R@1=0.055 R@5=0.190  |  clip R@1=0.045 R@10=0.175
  fold 3:  concept R@1=0.030 R@5=0.130  |  clip R@1=0.025 R@10=0.150
  fold 4:  concept R@1=0.045 R@5=0.215  |  clip R@1=0.050 R@10=0.180
  fold 5:  concept R@1=0.025 R@5=0.155  |  clip R@1=0.040 R@10=0.125
  fold 6:  concept R@1=0.035 R@5=0.130  |  clip R@1=0.035 R@10=0.140
  sub13.npy mean:  concept R@1=0.039  R@5=0.176  |  clip R@1=0.038  R@10=0.172

=== Subject: sub14.npy ===
  fold 0:  concept R@1=0.020 R@5=0.160  |  clip R@1=0.020 R@10=0.140
  fold 1:  concept R@1=0.045 R@5=0.150  |  clip R@1=0.040 R@10=0.130
  fold 2:  concept R@1=0.040 R@5=0.150  |  clip R@1=0.035 R@10=0.160
  fold 3:  concept R@1=0.040 R@5=0.150  |  clip R@1=0.040 R@10=0.155
  fold 4:  concept R@1=0.020 R@5=0.120  |  clip R@1=0.030 R@10=0.145
  fold 5:  concept R@1=0.030 R@5=0.140  |  clip R@1=0.030 R@10=0.130
  fold 6:  concept R@1=0.030 R@5=0.115  |  clip R@1=0.030 R@10=0.125
  sub14.npy mean:  concept R@1=0.032  R@5=0.141  |  clip R@1=0.032  R@10=0.141

=== Subject: sub15.npy ===
  fold 0:  concept R@1=0.055 R@5=0.190  |  clip R@1=0.030 R@10=0.200
  fold 1:  concept R@1=0.030 R@5=0.150  |  clip R@1=0.035 R@10=0.170
  fold 2:  concept R@1=0.045 R@5=0.160  |  clip R@1=0.025 R@10=0.135
  fold 3:  concept R@1=0.040 R@5=0.200  |  clip R@1=0.065 R@10=0.175
  fold 4:  concept R@1=0.040 R@5=0.190  |  clip R@1=0.035 R@10=0.140
  fold 5:  concept R@1=0.055 R@5=0.225  |  clip R@1=0.055 R@10=0.230
  fold 6:  concept R@1=0.045 R@5=0.205  |  clip R@1=0.030 R@10=0.180
  sub15.npy mean:  concept R@1=0.044  R@5=0.189  |  clip R@1=0.039  R@10=0.176

=== Subject: sub16.npy ===
  fold 0:  concept R@1=0.025 R@5=0.115  |  clip R@1=0.035 R@10=0.095
  fold 1:  concept R@1=0.035 R@5=0.130  |  clip R@1=0.015 R@10=0.155
  fold 2:  concept R@1=0.015 R@5=0.165  |  clip R@1=0.010 R@10=0.125
  fold 3:  concept R@1=0.055 R@5=0.200  |  clip R@1=0.055 R@10=0.215
  fold 4:  concept R@1=0.020 R@5=0.130  |  clip R@1=0.020 R@10=0.110
  fold 5:  concept R@1=0.055 R@5=0.185  |  clip R@1=0.055 R@10=0.190
  fold 6:  concept R@1=0.055 R@5=0.185  |  clip R@1=0.055 R@10=0.170
  sub16.npy mean:  concept R@1=0.037  R@5=0.159  |  clip R@1=0.035  R@10=0.151

=== Subject: sub17.npy ===
  fold 0:  concept R@1=0.065 R@5=0.220  |  clip R@1=0.055 R@10=0.205
  fold 1:  concept R@1=0.040 R@5=0.190  |  clip R@1=0.030 R@10=0.160
  fold 2:  concept R@1=0.045 R@5=0.160  |  clip R@1=0.025 R@10=0.150
  fold 3:  concept R@1=0.020 R@5=0.150  |  clip R@1=0.015 R@10=0.130
  fold 4:  concept R@1=0.030 R@5=0.110  |  clip R@1=0.030 R@10=0.135
  fold 5:  concept R@1=0.040 R@5=0.110  |  clip R@1=0.045 R@10=0.110
  fold 6:  concept R@1=0.045 R@5=0.205  |  clip R@1=0.060 R@10=0.205
  sub17.npy mean:  concept R@1=0.041  R@5=0.164  |  clip R@1=0.037  R@10=0.156

=== Subject: sub18.npy ===
  fold 0:  concept R@1=0.040 R@5=0.205  |  clip R@1=0.040 R@10=0.195
  fold 1:  concept R@1=0.050 R@5=0.215  |  clip R@1=0.045 R@10=0.190
  fold 2:  concept R@1=0.025 R@5=0.165  |  clip R@1=0.045 R@10=0.155
  fold 3:  concept R@1=0.045 R@5=0.190  |  clip R@1=0.030 R@10=0.180
  fold 4:  concept R@1=0.035 R@5=0.175  |  clip R@1=0.035 R@10=0.150
  fold 5:  concept R@1=0.045 R@5=0.175  |  clip R@1=0.050 R@10=0.205
  fold 6:  concept R@1=0.040 R@5=0.210  |  clip R@1=0.045 R@10=0.190
  sub18.npy mean:  concept R@1=0.040  R@5=0.191  |  clip R@1=0.041  R@10=0.181

=== Subject: sub19.npy ===
  fold 0:  concept R@1=0.055 R@5=0.205  |  clip R@1=0.045 R@10=0.235
  fold 1:  concept R@1=0.025 R@5=0.140  |  clip R@1=0.030 R@10=0.140
  fold 2:  concept R@1=0.075 R@5=0.215  |  clip R@1=0.060 R@10=0.190
  fold 3:  concept R@1=0.040 R@5=0.195  |  clip R@1=0.035 R@10=0.185
  fold 4:  concept R@1=0.055 R@5=0.205  |  clip R@1=0.050 R@10=0.220
  fold 5:  concept R@1=0.045 R@5=0.195  |  clip R@1=0.060 R@10=0.180
  fold 6:  concept R@1=0.040 R@5=0.200  |  clip R@1=0.030 R@10=0.185
  sub19.npy mean:  concept R@1=0.048  R@5=0.194  |  clip R@1=0.044  R@10=0.191

=== Subject: sub1_session2.npy ===
  fold 0:  concept R@1=0.130 R@5=0.325  |  clip R@1=0.095 R@10=0.315
  fold 1:  concept R@1=0.160 R@5=0.330  |  clip R@1=0.155 R@10=0.270
  fold 2:  concept R@1=0.145 R@5=0.380  |  clip R@1=0.160 R@10=0.365
  fold 3:  concept R@1=0.095 R@5=0.305  |  clip R@1=0.105 R@10=0.295
  fold 4:  concept R@1=0.120 R@5=0.375  |  clip R@1=0.125 R@10=0.345
  fold 5:  concept R@1=0.130 R@5=0.325  |  clip R@1=0.125 R@10=0.290
  fold 6:  concept R@1=0.125 R@5=0.340  |  clip R@1=0.140 R@10=0.345
  sub1_session2.npy mean:  concept R@1=0.129  R@5=0.340  |  clip R@1=0.129  R@10=0.318

=== Subject: sub2.npy ===
  fold 0:  concept R@1=0.025 R@5=0.180  |  clip R@1=0.040 R@10=0.170
  fold 1:  concept R@1=0.020 R@5=0.140  |  clip R@1=0.010 R@10=0.185
  fold 2:  concept R@1=0.015 R@5=0.125  |  clip R@1=0.015 R@10=0.115
  fold 3:  concept R@1=0.030 R@5=0.155  |  clip R@1=0.045 R@10=0.205
  fold 4:  concept R@1=0.020 R@5=0.140  |  clip R@1=0.010 R@10=0.165
  fold 5:  concept R@1=0.045 R@5=0.170  |  clip R@1=0.025 R@10=0.170
  fold 6:  concept R@1=0.020 R@5=0.185  |  clip R@1=0.025 R@10=0.175
  sub2.npy mean:  concept R@1=0.025  R@5=0.156  |  clip R@1=0.024  R@10=0.169

=== Subject: sub20.npy ===
  fold 0:  concept R@1=0.035 R@5=0.120  |  clip R@1=0.030 R@10=0.140
  fold 1:  concept R@1=0.040 R@5=0.150  |  clip R@1=0.040 R@10=0.180
  fold 2:  concept R@1=0.030 R@5=0.140  |  clip R@1=0.025 R@10=0.115
  fold 3:  concept R@1=0.025 R@5=0.135  |  clip R@1=0.030 R@10=0.200
  fold 4:  concept R@1=0.020 R@5=0.130  |  clip R@1=0.025 R@10=0.120
  fold 5:  concept R@1=0.030 R@5=0.175  |  clip R@1=0.035 R@10=0.175
  fold 6:  concept R@1=0.025 R@5=0.145  |  clip R@1=0.045 R@10=0.205
  sub20.npy mean:  concept R@1=0.029  R@5=0.142  |  clip R@1=0.033  R@10=0.162

=== Subject: sub3.npy ===
  fold 0:  concept R@1=0.035 R@5=0.155  |  clip R@1=0.030 R@10=0.155
  fold 1:  concept R@1=0.035 R@5=0.115  |  clip R@1=0.030 R@10=0.125
  fold 2:  concept R@1=0.020 R@5=0.115  |  clip R@1=0.010 R@10=0.105
  fold 3:  concept R@1=0.040 R@5=0.145  |  clip R@1=0.040 R@10=0.145
  fold 4:  concept R@1=0.025 R@5=0.120  |  clip R@1=0.025 R@10=0.110
  fold 5:  concept R@1=0.025 R@5=0.165  |  clip R@1=0.030 R@10=0.140
  fold 6:  concept R@1=0.030 R@5=0.115  |  clip R@1=0.035 R@10=0.110
  sub3.npy mean:  concept R@1=0.030  R@5=0.133  |  clip R@1=0.029  R@10=0.127

=== Subject: sub4.npy ===
  fold 0:  concept R@1=0.045 R@5=0.175  |  clip R@1=0.050 R@10=0.185
  fold 1:  concept R@1=0.020 R@5=0.160  |  clip R@1=0.025 R@10=0.145
  fold 2:  concept R@1=0.015 R@5=0.140  |  clip R@1=0.005 R@10=0.125
  fold 3:  concept R@1=0.025 R@5=0.140  |  clip R@1=0.020 R@10=0.160
  fold 4:  concept R@1=0.020 R@5=0.155  |  clip R@1=0.025 R@10=0.170
  fold 5:  concept R@1=0.035 R@5=0.160  |  clip R@1=0.035 R@10=0.160
  fold 6:  concept R@1=0.015 R@5=0.100  |  clip R@1=0.025 R@10=0.085
  sub4.npy mean:  concept R@1=0.025  R@5=0.147  |  clip R@1=0.026  R@10=0.147

=== Subject: sub5.npy ===
  fold 0:  concept R@1=0.060 R@5=0.155  |  clip R@1=0.060 R@10=0.155
  fold 1:  concept R@1=0.040 R@5=0.165  |  clip R@1=0.045 R@10=0.195
  fold 2:  concept R@1=0.045 R@5=0.160  |  clip R@1=0.040 R@10=0.120
  fold 3:  concept R@1=0.035 R@5=0.155  |  clip R@1=0.025 R@10=0.155
  fold 4:  concept R@1=0.030 R@5=0.135  |  clip R@1=0.015 R@10=0.150
  fold 5:  concept R@1=0.020 R@5=0.130  |  clip R@1=0.025 R@10=0.115
  fold 6:  concept R@1=0.050 R@5=0.150  |  clip R@1=0.040 R@10=0.200
  sub5.npy mean:  concept R@1=0.040  R@5=0.150  |  clip R@1=0.036  R@10=0.156

=== Subject: sub6.npy ===
  fold 0:  concept R@1=0.035 R@5=0.165  |  clip R@1=0.025 R@10=0.150
  fold 1:  concept R@1=0.045 R@5=0.175  |  clip R@1=0.050 R@10=0.170
  fold 2:  concept R@1=0.015 R@5=0.140  |  clip R@1=0.025 R@10=0.120
  fold 3:  concept R@1=0.030 R@5=0.155  |  clip R@1=0.020 R@10=0.160
  fold 4:  concept R@1=0.010 R@5=0.140  |  clip R@1=0.020 R@10=0.160
  fold 5:  concept R@1=0.045 R@5=0.155  |  clip R@1=0.055 R@10=0.130
  fold 6:  concept R@1=0.030 R@5=0.155  |  clip R@1=0.010 R@10=0.130
  sub6.npy mean:  concept R@1=0.030  R@5=0.155  |  clip R@1=0.029  R@10=0.146

=== Subject: sub7.npy ===
  fold 0:  concept R@1=0.015 R@5=0.135  |  clip R@1=0.045 R@10=0.175
  fold 1:  concept R@1=0.030 R@5=0.165  |  clip R@1=0.015 R@10=0.140
  fold 2:  concept R@1=0.025 R@5=0.125  |  clip R@1=0.020 R@10=0.145
  fold 3:  concept R@1=0.030 R@5=0.135  |  clip R@1=0.025 R@10=0.190
  fold 4:  concept R@1=0.050 R@5=0.145  |  clip R@1=0.040 R@10=0.160
  fold 5:  concept R@1=0.050 R@5=0.205  |  clip R@1=0.030 R@10=0.225
  fold 6:  concept R@1=0.035 R@5=0.175  |  clip R@1=0.030 R@10=0.145
  sub7.npy mean:  concept R@1=0.034  R@5=0.155  |  clip R@1=0.029  R@10=0.169

=== Subject: sub8.npy ===
  fold 0:  concept R@1=0.040 R@5=0.090  |  clip R@1=0.025 R@10=0.165
  fold 1:  concept R@1=0.045 R@5=0.145  |  clip R@1=0.030 R@10=0.115
  fold 2:  concept R@1=0.025 R@5=0.120  |  clip R@1=0.040 R@10=0.110
  fold 3:  concept R@1=0.025 R@5=0.160  |  clip R@1=0.030 R@10=0.150
  fold 4:  concept R@1=0.020 R@5=0.140  |  clip R@1=0.030 R@10=0.115
  fold 5:  concept R@1=0.040 R@5=0.130  |  clip R@1=0.030 R@10=0.130
  fold 6:  concept R@1=0.050 R@5=0.200  |  clip R@1=0.060 R@10=0.170
  sub8.npy mean:  concept R@1=0.035  R@5=0.141  |  clip R@1=0.035  R@10=0.136

=== Subject: sub9.npy ===
  fold 0:  concept R@1=0.010 R@5=0.140  |  clip R@1=0.015 R@10=0.115
  fold 1:  concept R@1=0.025 R@5=0.145  |  clip R@1=0.020 R@10=0.165
  fold 2:  concept R@1=0.035 R@5=0.135  |  clip R@1=0.030 R@10=0.115
  fold 3:  concept R@1=0.030 R@5=0.160  |  clip R@1=0.035 R@10=0.170
  fold 4:  concept R@1=0.040 R@5=0.165  |  clip R@1=0.035 R@10=0.170
  fold 5:  concept R@1=0.035 R@5=0.120  |  clip R@1=0.025 R@10=0.125
  fold 6:  concept R@1=0.010 R@5=0.080  |  clip R@1=0.020 R@10=0.060
  sub9.npy mean:  concept R@1=0.026  R@5=0.135  |  clip R@1=0.026  R@10=0.131

=== Overall (mean ± std across subjects) ===
Concept R@1  = 0.0423 ± 0.0250  (chance 0.0250)
Concept R@5  = 0.1720 ± 0.0496  (chance 0.1250)
Concept R@10 = 0.3105 ± 0.0571  (chance 0.2500)
Clip    R@1  = 0.0411 ± 0.0254  (chance 0.0050)
Clip    R@5  = 0.1026 ± 0.0372  (chance 0.0250)
Clip    R@10 = 0.1673 ± 0.0449  (chance 0.0500)

Results saved → neuroclip/results/results_de_k1.json
