Device: mps  |  feature: raw  |  chunks: 4
Chance: concept R@1=0.0250 R@5=0.1250  |  clip R@1=0.0050 R@5=0.0250 R@10=0.0500

=== Subject: sub1.npy ===
  fold 0:  concept R@1=0.040 R@5=0.150  |  clip R@1=0.035 R@10=0.115
  fold 1:  concept R@1=0.035 R@5=0.130  |  clip R@1=0.040 R@10=0.140
  fold 2:  concept R@1=0.030 R@5=0.160  |  clip R@1=0.015 R@10=0.125
  fold 3:  concept R@1=0.045 R@5=0.180  |  clip R@1=0.050 R@10=0.185
  fold 4:  concept R@1=0.030 R@5=0.140  |  clip R@1=0.030 R@10=0.145
  fold 5:  concept R@1=0.040 R@5=0.160  |  clip R@1=0.040 R@10=0.150
  fold 6:  concept R@1=0.035 R@5=0.135  |  clip R@1=0.035 R@10=0.125
  sub1.npy mean:  concept R@1=0.036  R@5=0.151  |  clip R@1=0.035  R@10=0.141

=== Subject: sub10.npy ===
  fold 0:  concept R@1=0.005 R@5=0.140  |  clip R@1=0.015 R@10=0.095
  fold 1:  concept R@1=0.035 R@5=0.155  |  clip R@1=0.030 R@10=0.125
  fold 2:  concept R@1=0.045 R@5=0.125  |  clip R@1=0.045 R@10=0.150
  fold 3:  concept R@1=0.015 R@5=0.095  |  clip R@1=0.015 R@10=0.095
  fold 4:  concept R@1=0.030 R@5=0.090  |  clip R@1=0.045 R@10=0.080
  fold 5:  concept R@1=0.005 R@5=0.075  |  clip R@1=0.005 R@10=0.045
  fold 6:  concept R@1=0.025 R@5=0.135  |  clip R@1=0.020 R@10=0.110
  sub10.npy mean:  concept R@1=0.023  R@5=0.116  |  clip R@1=0.025  R@10=0.100

=== Subject: sub11.npy ===
  fold 0:  concept R@1=0.010 R@5=0.105  |  clip R@1=0.005 R@10=0.075
  fold 1:  concept R@1=0.035 R@5=0.145  |  clip R@1=0.030 R@10=0.120
  fold 2:  concept R@1=0.020 R@5=0.135  |  clip R@1=0.015 R@10=0.130
  fold 3:  concept R@1=0.050 R@5=0.165  |  clip R@1=0.050 R@10=0.145
  fold 4:  concept R@1=0.050 R@5=0.140  |  clip R@1=0.015 R@10=0.165
  fold 5:  concept R@1=0.015 R@5=0.145  |  clip R@1=0.025 R@10=0.105
  fold 6:  concept R@1=0.035 R@5=0.160  |  clip R@1=0.025 R@10=0.140
  sub11.npy mean:  concept R@1=0.031  R@5=0.142  |  clip R@1=0.024  R@10=0.126

=== Subject: sub12.npy ===
  fold 0:  concept R@1=0.025 R@5=0.105  |  clip R@1=0.025 R@10=0.105
  fold 1:  concept R@1=0.030 R@5=0.090  |  clip R@1=0.030 R@10=0.125
  fold 2:  concept R@1=0.010 R@5=0.120  |  clip R@1=0.020 R@10=0.110
  fold 3:  concept R@1=0.055 R@5=0.180  |  clip R@1=0.050 R@10=0.230
  fold 4:  concept R@1=0.020 R@5=0.100  |  clip R@1=0.010 R@10=0.090
  fold 5:  concept R@1=0.015 R@5=0.145  |  clip R@1=0.030 R@10=0.110
  fold 6:  concept R@1=0.020 R@5=0.145  |  clip R@1=0.035 R@10=0.135
  sub12.npy mean:  concept R@1=0.025  R@5=0.126  |  clip R@1=0.029  R@10=0.129

=== Subject: sub13.npy ===
  fold 0:  concept R@1=0.050 R@5=0.165  |  clip R@1=0.045 R@10=0.145
  fold 1:  concept R@1=0.030 R@5=0.135  |  clip R@1=0.035 R@10=0.135
  fold 2:  concept R@1=0.030 R@5=0.120  |  clip R@1=0.045 R@10=0.170
  fold 3:  concept R@1=0.055 R@5=0.190  |  clip R@1=0.075 R@10=0.185
  fold 4:  concept R@1=0.015 R@5=0.155  |  clip R@1=0.025 R@10=0.145
  fold 5:  concept R@1=0.045 R@5=0.175  |  clip R@1=0.055 R@10=0.160
  fold 6:  concept R@1=0.025 R@5=0.160  |  clip R@1=0.025 R@10=0.150
  sub13.npy mean:  concept R@1=0.036  R@5=0.157  |  clip R@1=0.044  R@10=0.156

=== Subject: sub14.npy ===
  fold 0:  concept R@1=0.020 R@5=0.125  |  clip R@1=0.020 R@10=0.130
  fold 1:  concept R@1=0.025 R@5=0.150  |  clip R@1=0.040 R@10=0.165
  fold 2:  concept R@1=0.025 R@5=0.120  |  clip R@1=0.030 R@10=0.195
  fold 3:  concept R@1=0.010 R@5=0.080  |  clip R@1=0.015 R@10=0.085
  fold 4:  concept R@1=0.025 R@5=0.155  |  clip R@1=0.020 R@10=0.140
  fold 5:  concept R@1=0.020 R@5=0.140  |  clip R@1=0.025 R@10=0.185
  fold 6:  concept R@1=0.010 R@5=0.100  |  clip R@1=0.020 R@10=0.095
  sub14.npy mean:  concept R@1=0.019  R@5=0.124  |  clip R@1=0.024  R@10=0.142

=== Subject: sub15.npy ===
  fold 0:  concept R@1=0.030 R@5=0.120  |  clip R@1=0.025 R@10=0.115
  fold 1:  concept R@1=0.025 R@5=0.145  |  clip R@1=0.025 R@10=0.145
  fold 2:  concept R@1=0.020 R@5=0.140  |  clip R@1=0.035 R@10=0.190
  fold 3:  concept R@1=0.035 R@5=0.135  |  clip R@1=0.020 R@10=0.140
  fold 4:  concept R@1=0.030 R@5=0.155  |  clip R@1=0.030 R@10=0.165
  fold 5:  concept R@1=0.020 R@5=0.085  |  clip R@1=0.015 R@10=0.085
  fold 6:  concept R@1=0.030 R@5=0.145  |  clip R@1=0.025 R@10=0.170
  sub15.npy mean:  concept R@1=0.027  R@5=0.132  |  clip R@1=0.025  R@10=0.144

=== Subject: sub16.npy ===
  fold 0:  concept R@1=0.060 R@5=0.150  |  clip R@1=0.050 R@10=0.205
  fold 1:  concept R@1=0.050 R@5=0.180  |  clip R@1=0.035 R@10=0.110
  fold 2:  concept R@1=0.040 R@5=0.140  |  clip R@1=0.045 R@10=0.165
  fold 3:  concept R@1=0.040 R@5=0.170  |  clip R@1=0.040 R@10=0.135
  fold 4:  concept R@1=0.030 R@5=0.105  |  clip R@1=0.015 R@10=0.130
  fold 5:  concept R@1=0.040 R@5=0.140  |  clip R@1=0.040 R@10=0.145
  fold 6:  concept R@1=0.015 R@5=0.090  |  clip R@1=0.020 R@10=0.115
  sub16.npy mean:  concept R@1=0.039  R@5=0.139  |  clip R@1=0.035  R@10=0.144

=== Subject: sub17.npy ===
  fold 0:  concept R@1=0.040 R@5=0.140  |  clip R@1=0.035 R@10=0.130
  fold 1:  concept R@1=0.050 R@5=0.155  |  clip R@1=0.035 R@10=0.135
  fold 2:  concept R@1=0.045 R@5=0.125  |  clip R@1=0.030 R@10=0.200
  fold 3:  concept R@1=0.040 R@5=0.150  |  clip R@1=0.020 R@10=0.165
  fold 4:  concept R@1=0.050 R@5=0.165  |  clip R@1=0.045 R@10=0.185
  fold 5:  concept R@1=0.035 R@5=0.160  |  clip R@1=0.030 R@10=0.150
  fold 6:  concept R@1=0.025 R@5=0.145  |  clip R@1=0.015 R@10=0.125
  sub17.npy mean:  concept R@1=0.041  R@5=0.149  |  clip R@1=0.030  R@10=0.156

=== Subject: sub18.npy ===
  fold 0:  concept R@1=0.030 R@5=0.125  |  clip R@1=0.030 R@10=0.115
  fold 1:  concept R@1=0.015 R@5=0.140  |  clip R@1=0.015 R@10=0.115
  fold 2:  concept R@1=0.025 R@5=0.165  |  clip R@1=0.035 R@10=0.130
  fold 3:  concept R@1=0.015 R@5=0.105  |  clip R@1=0.020 R@10=0.080
  fold 4:  concept R@1=0.025 R@5=0.100  |  clip R@1=0.020 R@10=0.140
  fold 5:  concept R@1=0.020 R@5=0.120  |  clip R@1=0.030 R@10=0.110
  fold 6:  concept R@1=0.020 R@5=0.130  |  clip R@1=0.030 R@10=0.120
  sub18.npy mean:  concept R@1=0.021  R@5=0.126  |  clip R@1=0.026  R@10=0.116

=== Subject: sub19.npy ===
  fold 0:  concept R@1=0.035 R@5=0.135  |  clip R@1=0.035 R@10=0.105
  fold 1:  concept R@1=0.030 R@5=0.130  |  clip R@1=0.030 R@10=0.095
  fold 2:  concept R@1=0.030 R@5=0.130  |  clip R@1=0.035 R@10=0.100
  fold 3:  concept R@1=0.015 R@5=0.115  |  clip R@1=0.025 R@10=0.130
  fold 4:  concept R@1=0.025 R@5=0.135  |  clip R@1=0.020 R@10=0.130
  fold 5:  concept R@1=0.030 R@5=0.135  |  clip R@1=0.050 R@10=0.125
  fold 6:  concept R@1=0.030 R@5=0.140  |  clip R@1=0.035 R@10=0.125
  sub19.npy mean:  concept R@1=0.028  R@5=0.131  |  clip R@1=0.033  R@10=0.116

=== Subject: sub1_session2.npy ===
  fold 0:  concept R@1=0.070 R@5=0.235  |  clip R@1=0.055 R@10=0.230
  fold 1:  concept R@1=0.125 R@5=0.255  |  clip R@1=0.135 R@10=0.275
  fold 2:  concept R@1=0.095 R@5=0.260  |  clip R@1=0.105 R@10=0.220
  fold 3:  concept R@1=0.075 R@5=0.225  |  clip R@1=0.085 R@10=0.215
  fold 4:  concept R@1=0.070 R@5=0.220  |  clip R@1=0.085 R@10=0.155
  fold 5:  concept R@1=0.075 R@5=0.280  |  clip R@1=0.085 R@10=0.230
  fold 6:  concept R@1=0.055 R@5=0.235  |  clip R@1=0.065 R@10=0.185
  sub1_session2.npy mean:  concept R@1=0.081  R@5=0.244  |  clip R@1=0.088  R@10=0.216

=== Subject: sub2.npy ===
  fold 0:  concept R@1=0.025 R@5=0.140  |  clip R@1=0.035 R@10=0.145
  fold 1:  concept R@1=0.025 R@5=0.170  |  clip R@1=0.025 R@10=0.145
  fold 2:  concept R@1=0.035 R@5=0.180  |  clip R@1=0.045 R@10=0.150
  fold 3:  concept R@1=0.040 R@5=0.115  |  clip R@1=0.030 R@10=0.090
  fold 4:  concept R@1=0.035 R@5=0.125  |  clip R@1=0.030 R@10=0.170
  fold 5:  concept R@1=0.020 R@5=0.140  |  clip R@1=0.030 R@10=0.140
  fold 6:  concept R@1=0.035 R@5=0.205  |  clip R@1=0.020 R@10=0.160
  sub2.npy mean:  concept R@1=0.031  R@5=0.154  |  clip R@1=0.031  R@10=0.143

=== Subject: sub20.npy ===
  fold 0:  concept R@1=0.020 R@5=0.115  |  clip R@1=0.020 R@10=0.080
  fold 1:  concept R@1=0.040 R@5=0.175  |  clip R@1=0.045 R@10=0.120
  fold 2:  concept R@1=0.040 R@5=0.140  |  clip R@1=0.035 R@10=0.110
  fold 3:  concept R@1=0.035 R@5=0.125  |  clip R@1=0.035 R@10=0.085
  fold 4:  concept R@1=0.040 R@5=0.120  |  clip R@1=0.060 R@10=0.105
  fold 5:  concept R@1=0.010 R@5=0.100  |  clip R@1=0.030 R@10=0.120
  fold 6:  concept R@1=0.030 R@5=0.150  |  clip R@1=0.030 R@10=0.130
  sub20.npy mean:  concept R@1=0.031  R@5=0.132  |  clip R@1=0.036  R@10=0.107

=== Subject: sub3.npy ===
  fold 0:  concept R@1=0.030 R@5=0.125  |  clip R@1=0.035 R@10=0.095
  fold 1:  concept R@1=0.025 R@5=0.140  |  clip R@1=0.035 R@10=0.115
  fold 2:  concept R@1=0.015 R@5=0.135  |  clip R@1=0.010 R@10=0.105
  fold 3:  concept R@1=0.020 R@5=0.150  |  clip R@1=0.035 R@10=0.120
  fold 4:  concept R@1=0.020 R@5=0.105  |  clip R@1=0.015 R@10=0.105
  fold 5:  concept R@1=0.025 R@5=0.140  |  clip R@1=0.040 R@10=0.110
  fold 6:  concept R@1=0.035 R@5=0.140  |  clip R@1=0.025 R@10=0.130
  sub3.npy mean:  concept R@1=0.024  R@5=0.134  |  clip R@1=0.028  R@10=0.111

=== Subject: sub4.npy ===
  fold 0:  concept R@1=0.010 R@5=0.095  |  clip R@1=0.010 R@10=0.095
  fold 1:  concept R@1=0.015 R@5=0.085  |  clip R@1=0.015 R@10=0.120
  fold 2:  concept R@1=0.015 R@5=0.085  |  clip R@1=0.010 R@10=0.160
  fold 3:  concept R@1=0.020 R@5=0.110  |  clip R@1=0.040 R@10=0.135
  fold 4:  concept R@1=0.010 R@5=0.085  |  clip R@1=0.000 R@10=0.080
  fold 5:  concept R@1=0.025 R@5=0.140  |  clip R@1=0.020 R@10=0.165
  fold 6:  concept R@1=0.020 R@5=0.120  |  clip R@1=0.020 R@10=0.150
  sub4.npy mean:  concept R@1=0.016  R@5=0.103  |  clip R@1=0.016  R@10=0.129

=== Subject: sub5.npy ===
  fold 0:  concept R@1=0.035 R@5=0.105  |  clip R@1=0.025 R@10=0.110
  fold 1:  concept R@1=0.050 R@5=0.160  |  clip R@1=0.045 R@10=0.160
  fold 2:  concept R@1=0.030 R@5=0.155  |  clip R@1=0.040 R@10=0.120
  fold 3:  concept R@1=0.020 R@5=0.115  |  clip R@1=0.020 R@10=0.130
  fold 4:  concept R@1=0.035 R@5=0.125  |  clip R@1=0.035 R@10=0.125
  fold 5:  concept R@1=0.020 R@5=0.145  |  clip R@1=0.035 R@10=0.165
  fold 6:  concept R@1=0.005 R@5=0.125  |  clip R@1=0.015 R@10=0.110
  sub5.npy mean:  concept R@1=0.028  R@5=0.133  |  clip R@1=0.031  R@10=0.131

=== Subject: sub6.npy ===
  fold 0:  concept R@1=0.015 R@5=0.115  |  clip R@1=0.015 R@10=0.080
  fold 1:  concept R@1=0.015 R@5=0.100  |  clip R@1=0.025 R@10=0.115
  fold 2:  concept R@1=0.030 R@5=0.105  |  clip R@1=0.030 R@10=0.150
  fold 3:  concept R@1=0.035 R@5=0.105  |  clip R@1=0.035 R@10=0.135
  fold 4:  concept R@1=0.015 R@5=0.095  |  clip R@1=0.010 R@10=0.080
  fold 5:  concept R@1=0.025 R@5=0.100  |  clip R@1=0.020 R@10=0.080
  fold 6:  concept R@1=0.030 R@5=0.105  |  clip R@1=0.010 R@10=0.150
  sub6.npy mean:  concept R@1=0.024  R@5=0.104  |  clip R@1=0.021  R@10=0.113

=== Subject: sub7.npy ===
  fold 0:  concept R@1=0.015 R@5=0.130  |  clip R@1=0.020 R@10=0.105
  fold 1:  concept R@1=0.015 R@5=0.100  |  clip R@1=0.025 R@10=0.095
  fold 2:  concept R@1=0.020 R@5=0.175  |  clip R@1=0.020 R@10=0.160
  fold 3:  concept R@1=0.035 R@5=0.120  |  clip R@1=0.030 R@10=0.095
  fold 4:  concept R@1=0.020 R@5=0.110  |  clip R@1=0.015 R@10=0.105
  fold 5:  concept R@1=0.035 R@5=0.090  |  clip R@1=0.035 R@10=0.095
  fold 6:  concept R@1=0.020 R@5=0.095  |  clip R@1=0.025 R@10=0.080
  sub7.npy mean:  concept R@1=0.023  R@5=0.117  |  clip R@1=0.024  R@10=0.105

=== Subject: sub8.npy ===
  fold 0:  concept R@1=0.025 R@5=0.140  |  clip R@1=0.015 R@10=0.135
  fold 1:  concept R@1=0.020 R@5=0.110  |  clip R@1=0.025 R@10=0.080
  fold 2:  concept R@1=0.025 R@5=0.165  |  clip R@1=0.020 R@10=0.170
  fold 3:  concept R@1=0.035 R@5=0.155  |  clip R@1=0.035 R@10=0.145
  fold 4:  concept R@1=0.035 R@5=0.185  |  clip R@1=0.030 R@10=0.165
  fold 5:  concept R@1=0.015 R@5=0.115  |  clip R@1=0.015 R@10=0.100
  fold 6:  concept R@1=0.030 R@5=0.115  |  clip R@1=0.025 R@10=0.110
  sub8.npy mean:  concept R@1=0.026  R@5=0.141  |  clip R@1=0.024  R@10=0.129

=== Subject: sub9.npy ===
  fold 0:  concept R@1=0.030 R@5=0.130  |  clip R@1=0.020 R@10=0.105
  fold 1:  concept R@1=0.035 R@5=0.155  |  clip R@1=0.030 R@10=0.150
  fold 2:  concept R@1=0.020 R@5=0.190  |  clip R@1=0.020 R@10=0.160
  fold 3:  concept R@1=0.025 R@5=0.110  |  clip R@1=0.025 R@10=0.135
  fold 4:  concept R@1=0.030 R@5=0.165  |  clip R@1=0.015 R@10=0.145
  fold 5:  concept R@1=0.030 R@5=0.140  |  clip R@1=0.020 R@10=0.155
  fold 6:  concept R@1=0.020 R@5=0.135  |  clip R@1=0.030 R@10=0.145
  sub9.npy mean:  concept R@1=0.027  R@5=0.146  |  clip R@1=0.023  R@10=0.142

=== Overall (mean ± std across subjects) ===
Concept R@1  = 0.0303 ± 0.0128  (chance 0.0250)
Concept R@5  = 0.1382 ± 0.0278  (chance 0.1250)
Concept R@10 = 0.2652 ± 0.0345  (chance 0.2500)
Clip    R@1  = 0.0310 ± 0.0141  (chance 0.0050)
Clip    R@5  = 0.0794 ± 0.0196  (chance 0.0250)
Clip    R@10 = 0.1331 ± 0.0244  (chance 0.0500)

Results saved → neuroclip/results/results_raw_k4.json
