Device: mps
  sub1: ['10.0%', '12.5%', '8.0%', '11.0%', '7.0%', '12.5%', '8.5%']
  sub10: ['3.0%', '2.0%', '2.5%', '3.0%', '3.5%', '2.0%', '4.0%']
  sub11: ['3.5%', '4.0%', '3.0%', '3.0%', '3.5%', '5.0%', '4.0%']
  sub12: ['3.5%', '5.0%', '3.0%', '5.0%', '3.5%', '4.5%', '2.5%']
  sub13: ['6.0%', '5.5%', '3.5%', '1.5%', '6.0%', '3.0%', '3.0%']
  sub14: ['5.5%', '3.5%', '4.5%', '1.0%', '2.0%', '2.5%', '2.5%']
  sub15: ['3.5%', '5.5%', '6.0%', '4.5%', '3.0%', '8.0%', '4.5%']
  sub16: ['3.0%', '1.0%', '2.5%', '5.0%', '2.0%', '3.5%', '3.5%']
  sub17: ['3.0%', '3.5%', '2.0%', '4.5%', '2.0%', '2.0%', '3.0%']
  sub18: ['3.5%', '4.0%', '3.5%', '3.5%', '8.0%', '4.5%', '4.5%']
  sub19: ['2.5%', '3.5%', '3.5%', '6.5%', '5.0%', '7.0%', '5.0%']
  sub1_session2: ['12.5%', '18.0%', '16.0%', '12.5%', '12.5%', '18.5%', '12.5%']
  sub2: ['6.0%', '2.5%', '4.5%', '2.0%', '4.0%', '4.0%', '2.0%']
  sub20: ['4.0%', '2.0%', '2.0%', '3.5%', '2.5%', '4.0%', '5.0%']
  sub3: ['3.0%', '2.5%', '3.5%', '1.5%', '3.0%', '3.5%', '4.0%']
  sub4: ['3.5%', '2.0%', '1.5%', '1.5%', '5.5%', '3.5%', '2.0%']
  sub5: ['5.5%', '4.5%', '6.0%', '2.5%', '2.0%', '5.5%', '3.5%']
  sub6: ['3.0%', '3.0%', '3.5%', '4.5%', '6.0%', '5.0%', '1.5%']
  sub7: ['3.0%', '4.5%', '1.0%', '4.5%', '4.0%', '7.0%', '4.0%']
  sub8: ['5.5%', '4.0%', '5.0%', '1.5%', '2.5%', '3.5%', '4.5%']
  sub9: ['3.0%', '5.5%', '4.0%', '4.0%', '4.5%', '3.5%', '2.5%']

Per-session R@1:
  Session 1: 4.57% ± 0.54%
  Session 2: 4.69% ± 0.82%
  Session 3: 4.24% ± 0.67%
  Session 4: 4.12% ± 0.63%
  Session 5: 4.38% ± 0.54%
  Session 6: 5.36% ± 0.82%
  Session 7: 4.12% ± 0.52%

Linear trend: r=0.021  p=0.9644
Session 1 vs 7: t=1.24  p=0.2275
Saved → neuroclip/figures/F22_session_effect.png
