Device: mps
  sub1: ['2.5%', '4.0%', '1.0%', '1.5%', '2.5%', '1.5%', '2.0%']
  sub10: ['1.0%', '0.0%', '3.5%', '1.0%', '2.5%', '1.5%', '2.0%']
  sub11: ['3.5%', '2.0%', '3.5%', '1.5%', '2.5%', '1.0%', '1.0%']
  sub12: ['4.0%', '1.5%', '1.5%', '2.5%', '4.5%', '1.5%', '4.5%']
  sub13: ['0.5%', '3.5%', '1.5%', '1.0%', '3.5%', '1.0%', '3.5%']
  sub14: ['3.0%', '3.5%', '2.0%', '2.0%', '3.0%', '1.0%', '1.0%']
  sub15: ['2.5%', '4.0%', '3.0%', '1.0%', '2.0%', '3.0%', '5.0%']
  sub16: ['3.0%', '2.0%', '2.5%', '2.0%', '2.5%', '3.5%', '2.5%']
  sub17: ['3.0%', '1.0%', '2.5%', '3.5%', '2.0%', '2.0%', '4.0%']
  sub18: ['2.0%', '4.5%', '3.0%', '5.5%', '2.5%', '1.5%', '1.5%']
  sub19: ['3.0%', '2.5%', '4.5%', '2.0%', '3.0%', '3.0%', '3.0%']
  sub1_session2: ['5.0%', '2.5%', '3.5%', '2.0%', '4.5%', '3.5%', '2.0%']
  sub2: ['2.5%', '3.5%', '4.5%', '3.0%', '2.5%', '2.5%', '1.5%']
  sub20: ['1.5%', '2.0%', '2.0%', '2.0%', '2.0%', '2.5%', '1.5%']
  sub3: ['1.5%', '2.5%', '3.0%', '2.5%', '3.5%', '2.5%', '3.0%']
  sub4: ['3.5%', '4.5%', '2.5%', '3.0%', '3.0%', '3.0%', '3.0%']
  sub5: ['4.0%', '2.0%', '4.5%', '3.0%', '1.5%', '3.0%', '1.0%']
  sub6: ['2.5%', '3.5%', '4.5%', '1.5%', '2.0%', '1.5%', '1.5%']
  sub7: ['3.0%', '4.5%', '3.0%', '2.0%', '2.5%', '0.5%', '2.5%']
  sub8: ['3.0%', '4.0%', '2.5%', '1.0%', '2.5%', '1.0%', '2.0%']
  sub9: ['3.5%', '4.0%', '2.0%', '2.0%', '0.5%', '4.5%', '2.5%']

Per-session R@1:
  Session 1: 2.76% ± 0.22%
  Session 2: 2.93% ± 0.27%
  Session 3: 2.88% ± 0.22%
  Session 4: 2.17% ± 0.22%
  Session 5: 2.62% ± 0.19%
  Session 6: 2.14% ± 0.23%
  Session 7: 2.40% ± 0.24%

Linear trend: r=-0.688  p=0.0873
Session 1 vs 7: t=1.03  p=0.3157
Saved → neuroclip/figures/F22_session_effect.png
